2019-11-16 22:42:49,269 INFO werkzeug MainThread :  * Running on http://0.0.0.0:4081/ (Press CTRL+C to quit)
2019-11-16 22:42:49,270 INFO werkzeug MainThread :  * Restarting with stat
2019-11-16 22:42:50,314 WARNING werkzeug MainThread :  * Debugger is active!
2019-11-16 22:42:50,321 INFO werkzeug MainThread :  * Debugger PIN: 288-125-890
2019-11-16 22:44:34,270 DEBUG route Thread-2 : [trans_id: abcd1234, start_addr: Denver,+CO
2019-11-16 22:44:34,270 DEBUG route Thread-2 : [trans_id: abcd1234, end_addr: Syracuse,+NY
2019-11-16 22:44:34,270 DEBUG route Thread-2 : [trans_id: abcd1234, clean_start_addr: Denver,+CO
2019-11-16 22:44:34,270 DEBUG route Thread-2 : [trans_id: abcd1234, clean_start_addr: Syracuse,+NY
2019-11-16 22:44:34,271 INFO route Thread-2 : Calling /maps/api/directions API [trans_id: abcd1234]
2019-11-16 22:44:34,963 INFO route Thread-2 : [trans_id: abcd1234, status: OK]
2019-11-16 22:44:34,978 INFO werkzeug Thread-2 : 127.0.0.1 - - [16/Nov/2019 22:44:34] "GET /ts-geo/route/Denver,+CO/Syracuse,+NY/abcd1234 HTTP/1.1" 500 -
2019-11-16 22:45:39,421 INFO werkzeug MainThread :  * Detected change in '/Volumes/R1_Storage/Projects/travelstorms.com/ts-geo/route.py', reloading
2019-11-16 22:45:39,482 INFO werkzeug MainThread :  * Restarting with stat
2019-11-16 22:45:40,507 WARNING werkzeug MainThread :  * Debugger is active!
2019-11-16 22:45:40,514 INFO werkzeug MainThread :  * Debugger PIN: 288-125-890
2019-11-16 22:45:44,269 DEBUG route Thread-2 : [trans_id: abcd1234, start_addr: Denver,+CO
2019-11-16 22:45:44,269 DEBUG route Thread-2 : [trans_id: abcd1234, end_addr: Syracuse,+NY
2019-11-16 22:45:44,269 DEBUG route Thread-2 : [trans_id: abcd1234, clean_start_addr: Denver,+CO
2019-11-16 22:45:44,270 DEBUG route Thread-2 : [trans_id: abcd1234, clean_start_addr: Syracuse,+NY
2019-11-16 22:45:44,270 INFO route Thread-2 : Calling /maps/api/directions API [trans_id: abcd1234]
2019-11-16 22:45:45,084 INFO route Thread-2 : [trans_id: abcd1234, status: OK]
2019-11-16 22:45:45,100 INFO werkzeug Thread-2 : 127.0.0.1 - - [16/Nov/2019 22:45:45] "GET /ts-geo/route/Denver,+CO/Syracuse,+NY/abcd1234 HTTP/1.1" 500 -
2019-11-16 22:47:46,787 INFO werkzeug MainThread :  * Detected change in '/Volumes/R1_Storage/Projects/travelstorms.com/ts-geo/route.py', reloading
2019-11-16 22:47:46,850 INFO werkzeug MainThread :  * Restarting with stat
2019-11-16 22:48:24,811 INFO werkzeug MainThread :  * Running on http://0.0.0.0:4081/ (Press CTRL+C to quit)
2019-11-16 22:48:24,812 INFO werkzeug MainThread :  * Restarting with stat
2019-11-16 22:48:25,830 WARNING werkzeug MainThread :  * Debugger is active!
2019-11-16 22:48:25,837 INFO werkzeug MainThread :  * Debugger PIN: 288-125-890
2019-11-16 22:48:29,341 DEBUG route Thread-2 : [trans_id: abcd1234, start_addr: Denver,+CO
2019-11-16 22:48:29,341 DEBUG route Thread-2 : [trans_id: abcd1234, end_addr: Syracuse,+NY
2019-11-16 22:48:29,341 DEBUG route Thread-2 : [trans_id: abcd1234, clean_start_addr: Denver,+CO
2019-11-16 22:48:29,341 DEBUG route Thread-2 : [trans_id: abcd1234, clean_start_addr: Syracuse,+NY
2019-11-16 22:48:29,341 INFO route Thread-2 : Calling /maps/api/directions API [trans_id: abcd1234]
2019-11-16 22:48:29,761 INFO route Thread-2 : [trans_id: abcd1234, status: OK]
2019-11-16 22:48:29,776 INFO werkzeug Thread-2 : 127.0.0.1 - - [16/Nov/2019 22:48:29] "GET /ts-geo/route/Denver,+CO/Syracuse,+NY/abcd1234 HTTP/1.1" 500 -
2019-11-16 22:49:40,203 INFO werkzeug MainThread :  * Detected change in '/Volumes/R1_Storage/Projects/travelstorms.com/ts-geo/route.py', reloading
2019-11-16 22:49:40,268 INFO werkzeug MainThread :  * Restarting with stat
2019-11-16 22:49:41,294 WARNING werkzeug MainThread :  * Debugger is active!
2019-11-16 22:49:41,301 INFO werkzeug MainThread :  * Debugger PIN: 288-125-890
2019-11-16 22:49:46,873 DEBUG route Thread-2 : [trans_id: abcd1234, start_addr: Denver,+CO
2019-11-16 22:49:46,873 DEBUG route Thread-2 : [trans_id: abcd1234, end_addr: Syracuse,+NY
2019-11-16 22:49:46,873 DEBUG route Thread-2 : [trans_id: abcd1234, clean_start_addr: Denver,+CO
2019-11-16 22:49:46,873 DEBUG route Thread-2 : [trans_id: abcd1234, clean_start_addr: Syracuse,+NY
2019-11-16 22:49:46,873 INFO route Thread-2 : Calling /maps/api/directions API [trans_id: abcd1234]
2019-11-16 22:49:47,221 INFO route Thread-2 : [trans_id: abcd1234, status: OK]
2019-11-16 22:49:47,236 INFO werkzeug Thread-2 : 127.0.0.1 - - [16/Nov/2019 22:49:47] "GET /ts-geo/route/Denver,+CO/Syracuse,+NY/abcd1234 HTTP/1.1" 500 -
2019-11-16 22:52:03,949 INFO werkzeug MainThread :  * Detected change in '/Volumes/R1_Storage/Projects/travelstorms.com/ts-geo/route.py', reloading
2019-11-16 22:52:04,013 INFO werkzeug MainThread :  * Restarting with stat
2019-11-16 22:52:05,036 WARNING werkzeug MainThread :  * Debugger is active!
2019-11-16 22:52:05,043 INFO werkzeug MainThread :  * Debugger PIN: 288-125-890
2019-11-16 22:53:02,086 INFO werkzeug MainThread :  * Detected change in '/Volumes/R1_Storage/Projects/travelstorms.com/ts-geo/route.py', reloading
2019-11-16 22:53:02,146 INFO werkzeug MainThread :  * Restarting with stat
2019-11-16 22:53:03,207 WARNING werkzeug MainThread :  * Debugger is active!
2019-11-16 22:53:03,214 INFO werkzeug MainThread :  * Debugger PIN: 288-125-890
2019-11-16 22:53:06,951 DEBUG route Thread-2 : [trans_id: abcd1234, start_addr: Denver,+CO
2019-11-16 22:53:06,951 DEBUG route Thread-2 : [trans_id: abcd1234, end_addr: Syracuse,+NY
2019-11-16 22:53:06,951 DEBUG route Thread-2 : [trans_id: abcd1234, clean_start_addr: Denver,+CO
2019-11-16 22:53:06,951 DEBUG route Thread-2 : [trans_id: abcd1234, clean_start_addr: Syracuse,+NY
2019-11-16 22:53:06,951 INFO route Thread-2 : Calling /maps/api/directions API [trans_id: abcd1234]
2019-11-16 22:53:07,540 INFO route Thread-2 : [trans_id: abcd1234, status: OK]
2019-11-16 22:53:07,558 INFO werkzeug Thread-2 : 127.0.0.1 - - [16/Nov/2019 22:53:07] "GET /ts-geo/route/Denver,+CO/Syracuse,+NY/abcd1234 HTTP/1.1" 500 -
2019-11-16 22:53:42,943 INFO werkzeug MainThread :  * Detected change in '/Volumes/R1_Storage/Projects/travelstorms.com/ts-geo/route.py', reloading
2019-11-16 22:53:43,003 INFO werkzeug MainThread :  * Restarting with stat
2019-11-16 22:53:44,047 WARNING werkzeug MainThread :  * Debugger is active!
2019-11-16 22:53:44,054 INFO werkzeug MainThread :  * Debugger PIN: 288-125-890
2019-11-16 22:53:51,140 DEBUG route Thread-2 : [trans_id: abcd1234, start_addr: Denver,+CO
2019-11-16 22:53:51,140 DEBUG route Thread-2 : [trans_id: abcd1234, end_addr: Syracuse,+NY
2019-11-16 22:53:51,140 DEBUG route Thread-2 : [trans_id: abcd1234, clean_start_addr: Denver,+CO
2019-11-16 22:53:51,140 DEBUG route Thread-2 : [trans_id: abcd1234, clean_start_addr: Syracuse,+NY
2019-11-16 22:53:51,140 INFO route Thread-2 : Calling /maps/api/directions API [trans_id: abcd1234]
2019-11-16 22:53:51,472 INFO route Thread-2 : [trans_id: abcd1234, status: OK]
2019-11-16 22:53:51,490 INFO werkzeug Thread-2 : 127.0.0.1 - - [16/Nov/2019 22:53:51] "GET /ts-geo/route/Denver,+CO/Syracuse,+NY/abcd1234 HTTP/1.1" 500 -
2019-11-16 22:54:49,250 INFO werkzeug MainThread :  * Detected change in '/Volumes/R1_Storage/Projects/travelstorms.com/ts-geo/route.py', reloading
2019-11-16 22:54:49,314 INFO werkzeug MainThread :  * Restarting with stat
2019-11-16 22:54:50,377 WARNING werkzeug MainThread :  * Debugger is active!
2019-11-16 22:54:50,385 INFO werkzeug MainThread :  * Debugger PIN: 288-125-890
2019-11-16 22:54:55,906 DEBUG route Thread-2 : [trans_id: abcd1234, start_addr: Denver,+CO
2019-11-16 22:54:55,906 DEBUG route Thread-2 : [trans_id: abcd1234, end_addr: Syracuse,+NY
2019-11-16 22:54:55,906 DEBUG route Thread-2 : [trans_id: abcd1234, clean_start_addr: Denver,+CO
2019-11-16 22:54:55,906 DEBUG route Thread-2 : [trans_id: abcd1234, clean_start_addr: Syracuse,+NY
2019-11-16 22:54:55,906 INFO route Thread-2 : Calling /maps/api/directions API [trans_id: abcd1234]
2019-11-16 22:54:56,257 INFO route Thread-2 : [trans_id: abcd1234, status: OK]
2019-11-16 22:54:56,276 INFO werkzeug Thread-2 : 127.0.0.1 - - [16/Nov/2019 22:54:56] "GET /ts-geo/route/Denver,+CO/Syracuse,+NY/abcd1234 HTTP/1.1" 500 -
2019-11-16 22:57:05,866 INFO werkzeug MainThread :  * Detected change in '/Volumes/R1_Storage/Projects/travelstorms.com/ts-geo/route.py', reloading
2019-11-16 22:57:05,936 INFO werkzeug MainThread :  * Restarting with stat
2019-11-16 22:57:06,961 WARNING werkzeug MainThread :  * Debugger is active!
2019-11-16 22:57:06,969 INFO werkzeug MainThread :  * Debugger PIN: 288-125-890
2019-11-16 22:57:20,731 DEBUG route Thread-2 : [trans_id: abcd1234, start_addr: Denver,+CO
2019-11-16 22:57:20,731 DEBUG route Thread-2 : [trans_id: abcd1234, end_addr: Syracuse,+NY
2019-11-16 22:57:20,731 DEBUG route Thread-2 : [trans_id: abcd1234, clean_start_addr: Denver,+CO
2019-11-16 22:57:20,731 DEBUG route Thread-2 : [trans_id: abcd1234, clean_start_addr: Syracuse,+NY
2019-11-16 22:57:20,731 INFO route Thread-2 : Calling /maps/api/directions API [trans_id: abcd1234]
2019-11-16 22:57:21,214 INFO route Thread-2 : [trans_id: abcd1234, status: OK]
2019-11-16 22:57:21,235 INFO werkzeug Thread-2 : 127.0.0.1 - - [16/Nov/2019 22:57:21] "GET /ts-geo/route/Denver,+CO/Syracuse,+NY/abcd1234 HTTP/1.1" 500 -
2019-11-16 22:58:02,989 INFO werkzeug MainThread :  * Detected change in '/Volumes/R1_Storage/Projects/travelstorms.com/ts-geo/route.py', reloading
2019-11-16 22:58:03,047 INFO werkzeug MainThread :  * Restarting with stat
2019-11-16 22:58:04,079 WARNING werkzeug MainThread :  * Debugger is active!
2019-11-16 22:58:04,086 INFO werkzeug MainThread :  * Debugger PIN: 288-125-890
2019-11-16 22:58:10,790 DEBUG route Thread-2 : [trans_id: abcd1234, start_addr: Denver,+CO
2019-11-16 22:58:10,790 DEBUG route Thread-2 : [trans_id: abcd1234, end_addr: Syracuse,+NY
2019-11-16 22:58:10,790 DEBUG route Thread-2 : [trans_id: abcd1234, clean_start_addr: Denver,+CO
2019-11-16 22:58:10,790 DEBUG route Thread-2 : [trans_id: abcd1234, clean_start_addr: Syracuse,+NY
2019-11-16 22:58:10,790 INFO route Thread-2 : Calling /maps/api/directions API [trans_id: abcd1234]
2019-11-16 22:58:11,184 INFO route Thread-2 : [trans_id: abcd1234, status: OK]
2019-11-16 22:58:11,189 INFO werkzeug Thread-2 : 127.0.0.1 - - [16/Nov/2019 22:58:11] "GET /ts-geo/route/Denver,+CO/Syracuse,+NY/abcd1234 HTTP/1.1" 200 -
2019-11-16 23:46:16,439 INFO werkzeug MainThread :  * Detected change in '/Volumes/R1_Storage/Projects/travelstorms.com/ts-geo/route.py', reloading
2019-11-16 23:46:16,500 INFO werkzeug MainThread :  * Restarting with stat
2019-11-16 23:46:17,585 WARNING werkzeug MainThread :  * Debugger is active!
2019-11-16 23:46:17,593 INFO werkzeug MainThread :  * Debugger PIN: 288-125-890
